C51 COMPILER V9.60.0.0   VOTEING_MACHINE                                                   07/16/2022 18:56:50 PAGE 1   


C51 COMPILER V9.60.0.0, COMPILATION OF MODULE VOTEING_MACHINE
OBJECT MODULE PLACED IN .\Objects\Voteing_Machine.obj
COMPILER INVOKED BY: C:\Keil_v5\C51\BIN\C51.EXE Voteing_Machine.c OPTIMIZE(8,SPEED) BROWSE DEBUG OBJECTEXTEND PRINT(.\Li
                    -stings\Voteing_Machine.lst) TABS(2) OBJECT(.\Objects\Voteing_Machine.obj)

line level    source

   1          #include <REGX51.H>
   2          #define LCD_dat P2
   3          sbit rs = P1^0;
   4          sbit en = P1^1;
   5          sbit Start_Stop = P1^3;
   6          sbit Permission = P1^4;   
   7          sbit Result_Vote= P1^5;
   8          sbit RESET = P1^6;
   9          sbit Reset = P1^7;
  10          sbit Party0 = P3^0;
  11          sbit Party1 = P3^1;
  12          sbit Party2 = P3^2;
  13          sbit Party3 = P3^3;
  14          sbit Party4 = P3^4;
  15          sbit Party5 = P3^5;
  16          sbit Party6 = P3^6;
  17          sbit Party7 = P3^7;
  18          void delay(unsigned int dly);
  19          void lcd_cmd(unsigned char ch);
  20          void lcd_data(unsigned char ch);
  21          void lcd_str(unsigned char *str);
  22          void to_char(unsigned int value){char tens,units;
  23   1                                        tens=value/10;
  24   1                                        lcd_data(tens+48);
  25   1                                        units=value%10;
  26   1                                        lcd_data(units+48);}
  27          void main(void)
  28            {
  29   1          unsigned int p0=0,p1=0,p2=0,p3=0,p4=0,p5=0,p6=0,p7=0,Vote=0,Per=0;
  30   1          //unsigned char Result[5];
  31   1          Start:
  32   1        lcd_cmd (0x38);
  33   1        lcd_cmd (0x0e);
  34   1        if(Start_Stop == 0){lcd_cmd (0x01);
  35   2                            lcd_cmd (0x80);
  36   2                            lcd_str("Voteing Started");
  37   2                            delay(3000);
  38   2        while(1)
  39   2        {  lcd_cmd (0x01);
  40   3           lcd_cmd (0x80);
  41   3           lcd_str("Wait for a while");
  42   3           delay(2000);
  43   3           lcd_cmd (0x01);
  44   3           if(Permission==0){Per = 1;}
  45   3           while(Per == 1){lcd_cmd (0x80);
  46   4                           lcd_str("You Can Vote Now");
  47   4                                  if(Party0 == 0){p0++;
  48   5                                               lcd_cmd (0x01);
  49   5                                               lcd_cmd (0x80);
  50   5                                               lcd_str("You Voted For");
  51   5                                               lcd_cmd(0xC0);
  52   5                                               lcd_str("Party 0");
  53   5                                               delay(3000);
  54   5                                               Per = 0;
C51 COMPILER V9.60.0.0   VOTEING_MACHINE                                                   07/16/2022 18:56:50 PAGE 2   

  55   5                                                }
  56   4                               else if(Party1 == 0){p1++;
  57   5                                                    lcd_cmd (0x01);
  58   5                                                    lcd_cmd (0x80);
  59   5                                                    lcd_str("You Voted For");
  60   5                                                    lcd_cmd(0xC0);
  61   5                                                    lcd_str("Party 1");
  62   5                                                    delay(3000);
  63   5                                                    Per = 0;}
  64   4                               else if(Party2 == 0){p2++;
  65   5                                                    lcd_cmd (0x01);
  66   5                                                    lcd_cmd (0x80);
  67   5                                                    lcd_str("You Voted For");
  68   5                                                    lcd_cmd(0xC0);
  69   5                                                    lcd_str("Party 2");
  70   5                                                    delay(3000);
  71   5                                                    Per = 0;}
  72   4                               else if(Party3 == 0){p3++;
  73   5                                                    lcd_cmd (0x01);
  74   5                                                    lcd_cmd (0x80);
  75   5                                                    lcd_str("You Voted For");
  76   5                                                    lcd_cmd(0xC0);
  77   5                                                    lcd_str("Party 3");
  78   5                                                    delay(3000);
  79   5                                                    Per = 0;}
  80   4                               else if(Party4 == 0){p4++;
  81   5                                                    lcd_cmd (0x01);
  82   5                                                    lcd_cmd (0x80);
  83   5                                                    lcd_str("You Voted For");
  84   5                                                    lcd_cmd(0xC0);
  85   5                                                    lcd_str("Party 4");
  86   5                                                    delay(3000);
  87   5                                                    Per = 0;}
  88   4                               else if(Party5 == 0){p5++;
  89   5                                                    lcd_cmd (0x01);
  90   5                                                    lcd_cmd (0x80);
  91   5                                                    lcd_str("You Voted For");
  92   5                                                    lcd_cmd(0xC0);
  93   5                                                    lcd_str("Party 5");
  94   5                                                    delay(3000);
  95   5                                                    Per = 0;}
  96   4                               else if(Party6 == 0){p6++;
  97   5                                                    lcd_cmd (0x01);
  98   5                                                    lcd_cmd (0x80);
  99   5                                                    lcd_str("You Voted For");
 100   5                                                    lcd_cmd(0xC0);
 101   5                                                    lcd_str("Party 6");
 102   5                                                    delay(3000);
 103   5                                                    Per = 0;}
 104   4                               else if(Party7 == 0){p7++;
 105   5                                                    lcd_cmd (0x01);
 106   5                                                    lcd_cmd (0x80);
 107   5                                                    lcd_str("You Voted For");
 108   5                                                    lcd_cmd(0xC0);
 109   5                                                    lcd_str("Party 7");
 110   5                                                    delay(3000);
 111   5                                                    Per = 0;}
 112   4                                }
 113   3        if (Start_Stop == 0){break;}
 114   3        
 115   3        
 116   3        
C51 COMPILER V9.60.0.0   VOTEING_MACHINE                                                   07/16/2022 18:56:50 PAGE 3   

 117   3        
 118   3        
 119   3        }//While end
 120   2        while(1){
 121   3          lcd_cmd (0x01);
 122   3          lcd_cmd (0x80);
 123   3          lcd_str("Select Mode");
 124   3          delay(2000);
 125   3          if (Result_Vote == 0){
 126   4                         lcd_cmd(0x01);
 127   4                         lcd_cmd(0x80);
 128   4                         lcd_str("Result");
 129   4                         lcd_cmd(0xC0);
 130   4                         delay(2000);
 131   4                         lcd_cmd(0x80);
 132   4                         lcd_str("Party 0 Scored");
 133   4                         lcd_cmd(0xC0);
 134   4                         to_char(p0);
 135   4                         delay(1000);
 136   4                         lcd_cmd(0x80);
 137   4                         lcd_str("Party 1 Scored");
 138   4                         lcd_cmd(0xC0);
 139   4                         to_char(p1);
 140   4                         delay(1000);
 141   4                         lcd_cmd(0x80);
 142   4                         lcd_str("Party 2 Scored");
 143   4                         lcd_cmd(0xC0);
 144   4                         to_char(p2);
 145   4                         delay(1000);
 146   4                         lcd_cmd(0x80);
 147   4                         lcd_str("Party 3 Scored");
 148   4                         lcd_cmd(0xC0);
 149   4                         to_char(p3);
 150   4                         delay(1000);
 151   4                         lcd_cmd(0x80);
 152   4                         lcd_str("Party 4 Scored");
 153   4                         lcd_cmd(0xC0);
 154   4                         to_char(p4);
 155   4                         delay(1000);
 156   4                         lcd_cmd(0x80);
 157   4                         lcd_str("Party 5 Scored");
 158   4                         lcd_cmd(0xC0);
 159   4                         to_char(p5);
 160   4                         delay(1000);
 161   4                         lcd_cmd(0x80);
 162   4                         lcd_str("Party 6 Scored");
 163   4                         lcd_cmd(0xC0);
 164   4                         to_char(p6);
 165   4                         delay(1000);
 166   4                         lcd_cmd(0x80);
 167   4                         lcd_str("Party 7 Scored");
 168   4                         lcd_cmd(0xC0);
 169   4                         to_char(p7);
 170   4                         delay(1000);
 171   4                        }
 172   3        else if (RESET == 0){
 173   4                        if(RESET == 0){p0=0;
 174   5                                       p1=0;
 175   5                                       p2=0;
 176   5                                       p3=0;
 177   5                                       p4=0;
 178   5                                       p5=0;
C51 COMPILER V9.60.0.0   VOTEING_MACHINE                                                   07/16/2022 18:56:50 PAGE 4   

 179   5                                       p6=0;
 180   5                                       p7=0;
 181   5                                       Per=0;
 182   5                                       }
 183   4                        }
 184   3        else if (Start_Stop == 0){break;}
 185   3        }//other while
 186   2        delay(3000);
 187   2        if (Start_Stop == 0){goto Start;}
 188   2        }//Start end
 189   1        }//Main end
 190              void lcd_str(unsigned char *str)
 191          {
 192   1         unsigned int loop = 0;
 193   1        for(loop =0;str[loop]!='\0';loop++)
 194   1        { 
 195   2          lcd_data(str[loop]);
 196   2        }
 197   1      }
 198          
 199          void lcd_data(unsigned char ch)
 200          {
 201   1      LCD_dat = ch;
 202   1        rs =1; // for data rs = 1
 203   1        en = 1;
 204   1        delay(5);
 205   1        en = 0;
 206   1      }
 207          
 208          void lcd_cmd(unsigned char ch)
 209          {
 210   1      LCD_dat = ch;
 211   1        rs = 0; //for command rs = 0
 212   1        en = 1;
 213   1        delay(5);
 214   1        en = 0;
 215   1      }
 216          void delay(unsigned int dly)
 217          {
 218   1      unsigned int loop = 0;
 219   1      unsigned int delay_gen = 0;
 220   1        for (loop=0; loop<dly; loop++){
 221   2          for (delay_gen=0; delay_gen<115; delay_gen++);
 222   2        }
 223   1      }


MODULE INFORMATION:   STATIC OVERLAYABLE
   CODE SIZE        =    998    ----
   CONSTANT SIZE    =    267    ----
   XDATA SIZE       =   ----    ----
   PDATA SIZE       =   ----    ----
   DATA SIZE        =   ----      27
   IDATA SIZE       =   ----    ----
   BIT SIZE         =   ----    ----
END OF MODULE INFORMATION.


C51 COMPILATION COMPLETE.  0 WARNING(S),  0 ERROR(S)
